/home/mohanad/webots_tutotrial_1/install/webots_pkg_sim/lib/python3.12/site-packages/webots_pkg_sim/__init__.py
/home/mohanad/webots_tutotrial_1/install/webots_pkg_sim/lib/python3.12/site-packages/webots_pkg_sim/webots_localization.py
/home/mohanad/webots_tutotrial_1/install/webots_pkg_sim/lib/python3.12/site-packages/webots_pkg_sim/webots_driver.py
/home/mohanad/webots_tutotrial_1/install/webots_pkg_sim/lib/python3.12/site-packages/webots_pkg_sim/__pycache__/__init__.cpython-312.pyc
/home/mohanad/webots_tutotrial_1/install/webots_pkg_sim/lib/python3.12/site-packages/webots_pkg_sim/__pycache__/webots_localization.cpython-312.pyc
/home/mohanad/webots_tutotrial_1/install/webots_pkg_sim/lib/python3.12/site-packages/webots_pkg_sim/__pycache__/webots_driver.cpython-312.pyc
/home/mohanad/webots_tutotrial_1/install/webots_pkg_sim/share/ament_index/resource_index/packages/webots_pkg_sim
/home/mohanad/webots_tutotrial_1/install/webots_pkg_sim/share/webots_pkg_sim/package.xml
/home/mohanad/webots_tutotrial_1/install/webots_pkg_sim/share/webots_pkg_sim/launch/sim_rover_launch.py
/home/mohanad/webots_tutotrial_1/install/webots_pkg_sim/share/webots_pkg_sim/urdf/new_rover.urdf
/home/mohanad/webots_tutotrial_1/install/webots_pkg_sim/share/webots_pkg_sim/worlds/my_world.wbt
/home/mohanad/webots_tutotrial_1/install/webots_pkg_sim/share/webots_pkg_sim/meshes/base_link.STL
/home/mohanad/webots_tutotrial_1/install/webots_pkg_sim/share/webots_pkg_sim/meshes/steering1_Link.STL
/home/mohanad/webots_tutotrial_1/install/webots_pkg_sim/share/webots_pkg_sim/meshes/steering2_Link.STL
/home/mohanad/webots_tutotrial_1/install/webots_pkg_sim/share/webots_pkg_sim/meshes/steering3_Link.STL
/home/mohanad/webots_tutotrial_1/install/webots_pkg_sim/share/webots_pkg_sim/meshes/steering4_Link.STL
/home/mohanad/webots_tutotrial_1/install/webots_pkg_sim/share/webots_pkg_sim/meshes/wheel1_Link.STL
/home/mohanad/webots_tutotrial_1/install/webots_pkg_sim/share/webots_pkg_sim/meshes/wheel2_Link.STL
/home/mohanad/webots_tutotrial_1/install/webots_pkg_sim/share/webots_pkg_sim/meshes/wheel3_Link.STL
/home/mohanad/webots_tutotrial_1/install/webots_pkg_sim/share/webots_pkg_sim/meshes/wheel4_Link.STL
/home/mohanad/webots_tutotrial_1/install/webots_pkg_sim/lib/python3.12/site-packages/webots_pkg_sim-0.0.0-py3.12.egg-info/PKG-INFO
/home/mohanad/webots_tutotrial_1/install/webots_pkg_sim/lib/python3.12/site-packages/webots_pkg_sim-0.0.0-py3.12.egg-info/requires.txt
/home/mohanad/webots_tutotrial_1/install/webots_pkg_sim/lib/python3.12/site-packages/webots_pkg_sim-0.0.0-py3.12.egg-info/zip-safe
/home/mohanad/webots_tutotrial_1/install/webots_pkg_sim/lib/python3.12/site-packages/webots_pkg_sim-0.0.0-py3.12.egg-info/top_level.txt
/home/mohanad/webots_tutotrial_1/install/webots_pkg_sim/lib/python3.12/site-packages/webots_pkg_sim-0.0.0-py3.12.egg-info/entry_points.txt
/home/mohanad/webots_tutotrial_1/install/webots_pkg_sim/lib/python3.12/site-packages/webots_pkg_sim-0.0.0-py3.12.egg-info/dependency_links.txt
/home/mohanad/webots_tutotrial_1/install/webots_pkg_sim/lib/python3.12/site-packages/webots_pkg_sim-0.0.0-py3.12.egg-info/SOURCES.txt
/home/mohanad/webots_tutotrial_1/install/webots_pkg_sim/lib/webots_pkg_sim/rover_driver
/home/mohanad/webots_tutotrial_1/install/webots_pkg_sim/lib/webots_pkg_sim/webots_driver
