running egg_info
writing ../../build/webots_pkg_sim/webots_pkg_sim.egg-info/PKG-INFO
writing dependency_links to ../../build/webots_pkg_sim/webots_pkg_sim.egg-info/dependency_links.txt
writing entry points to ../../build/webots_pkg_sim/webots_pkg_sim.egg-info/entry_points.txt
writing requirements to ../../build/webots_pkg_sim/webots_pkg_sim.egg-info/requires.txt
writing top-level names to ../../build/webots_pkg_sim/webots_pkg_sim.egg-info/top_level.txt
reading manifest file '../../build/webots_pkg_sim/webots_pkg_sim.egg-info/SOURCES.txt'
writing manifest file '../../build/webots_pkg_sim/webots_pkg_sim.egg-info/SOURCES.txt'
running build
running build_py
running install
running install_lib
running install_data
copying launch/sim_rover_launch.py -> /home/mohanad/webots_tutotrial_1/install/webots_pkg_sim/share/webots_pkg_sim/launch
running install_egg_info
removing '/home/mohanad/webots_tutotrial_1/install/webots_pkg_sim/lib/python3.12/site-packages/webots_pkg_sim-0.0.0-py3.12.egg-info' (and everything under it)
Copying ../../build/webots_pkg_sim/webots_pkg_sim.egg-info to /home/mohanad/webots_tutotrial_1/install/webots_pkg_sim/lib/python3.12/site-packages/webots_pkg_sim-0.0.0-py3.12.egg-info
running install_scripts
Installing rover_driver script to /home/mohanad/webots_tutotrial_1/install/webots_pkg_sim/lib/webots_pkg_sim
Installing webots_driver script to /home/mohanad/webots_tutotrial_1/install/webots_pkg_sim/lib/webots_pkg_sim
writing list of installed files to '/home/mohanad/webots_tutotrial_1/build/webots_pkg_sim/install.log'
